The target system is: Linux -  - aarch64
The host system is: Linux - 4.15.0-20-generic - x86_64
Compiling the C compiler identification source file "CMakeCCompilerId.c" succeeded.
Compiler: /opt/fslc-wayland/2.5.2/sysroots/x86_64-fslcsdk-linux/usr/bin/aarch64-fslc-linux/aarch64-fslc-linux-gcc --sysroot=/opt/fslc-wayland/2.5.2/sysroots/aarch64-fslc-linux
Build flags: ;-O2;-pipe;-g;-feliminate-unused-debug-types;
Id flags:  

The output was:
0


Compilation of the C compiler identification source "CMakeCCompilerId.c" produced "a.out"

The C compiler identification is GNU, found in "/home/wanji/StackLib/Protocol_Stack/SafetyCertScmf/Scmf/build/CMakeFiles/3.10.3/CompilerIdC/a.out"

Determining if the C compiler works passed with the following output:
Change Dir: /home/wanji/StackLib/Protocol_Stack/SafetyCertScmf/Scmf/build/CMakeFiles/CMakeTmp

Run Build Command:"/usr/bin/make" "cmTC_bdeb1/fast"
/usr/bin/make -f CMakeFiles/cmTC_bdeb1.dir/build.make CMakeFiles/cmTC_bdeb1.dir/build
make[1]: 进入目录“/home/wanji/StackLib/Protocol_Stack/SafetyCertScmf/Scmf/build/CMakeFiles/CMakeTmp”
Building C object CMakeFiles/cmTC_bdeb1.dir/testCCompiler.c.o
/opt/fslc-wayland/2.5.2/sysroots/x86_64-fslcsdk-linux/usr/bin/aarch64-fslc-linux/aarch64-fslc-linux-gcc   --sysroot=/opt/fslc-wayland/2.5.2/sysroots/aarch64-fslc-linux   -O2 -pipe -g -feliminate-unused-debug-types     -o CMakeFiles/cmTC_bdeb1.dir/testCCompiler.c.o   -c /home/wanji/StackLib/Protocol_Stack/SafetyCertScmf/Scmf/build/CMakeFiles/CMakeTmp/testCCompiler.c
Linking C executable cmTC_bdeb1
/opt/fslc-wayland/2.5.2/sysroots/x86_64-fslcsdk-linux/usr/bin/cmake -E cmake_link_script CMakeFiles/cmTC_bdeb1.dir/link.txt --verbose=1
/opt/fslc-wayland/2.5.2/sysroots/x86_64-fslcsdk-linux/usr/bin/aarch64-fslc-linux/aarch64-fslc-linux-gcc   --sysroot=/opt/fslc-wayland/2.5.2/sysroots/aarch64-fslc-linux  -O2 -pipe -g -feliminate-unused-debug-types    -Wl,-O1 -Wl,--hash-style=gnu -Wl,--as-needed  CMakeFiles/cmTC_bdeb1.dir/testCCompiler.c.o  -o cmTC_bdeb1 
make[1]: 离开目录“/home/wanji/StackLib/Protocol_Stack/SafetyCertScmf/Scmf/build/CMakeFiles/CMakeTmp”


Detecting C compiler ABI info compiled with the following output:
Change Dir: /home/wanji/StackLib/Protocol_Stack/SafetyCertScmf/Scmf/build/CMakeFiles/CMakeTmp

Run Build Command:"/usr/bin/make" "cmTC_ab7fa/fast"
/usr/bin/make -f CMakeFiles/cmTC_ab7fa.dir/build.make CMakeFiles/cmTC_ab7fa.dir/build
make[1]: 进入目录“/home/wanji/StackLib/Protocol_Stack/SafetyCertScmf/Scmf/build/CMakeFiles/CMakeTmp”
Building C object CMakeFiles/cmTC_ab7fa.dir/CMakeCCompilerABI.c.o
/opt/fslc-wayland/2.5.2/sysroots/x86_64-fslcsdk-linux/usr/bin/aarch64-fslc-linux/aarch64-fslc-linux-gcc   --sysroot=/opt/fslc-wayland/2.5.2/sysroots/aarch64-fslc-linux   -O2 -pipe -g -feliminate-unused-debug-types     -o CMakeFiles/cmTC_ab7fa.dir/CMakeCCompilerABI.c.o   -c /opt/fslc-wayland/2.5.2/sysroots/x86_64-fslcsdk-linux/usr/share/cmake-3.10/Modules/CMakeCCompilerABI.c
Linking C executable cmTC_ab7fa
/opt/fslc-wayland/2.5.2/sysroots/x86_64-fslcsdk-linux/usr/bin/cmake -E cmake_link_script CMakeFiles/cmTC_ab7fa.dir/link.txt --verbose=1
/opt/fslc-wayland/2.5.2/sysroots/x86_64-fslcsdk-linux/usr/bin/aarch64-fslc-linux/aarch64-fslc-linux-gcc   --sysroot=/opt/fslc-wayland/2.5.2/sysroots/aarch64-fslc-linux  -O2 -pipe -g -feliminate-unused-debug-types    -Wl,-O1 -Wl,--hash-style=gnu -Wl,--as-needed -v CMakeFiles/cmTC_ab7fa.dir/CMakeCCompilerABI.c.o  -o cmTC_ab7fa 
Using built-in specs.
COLLECT_GCC=/opt/fslc-wayland/2.5.2/sysroots/x86_64-fslcsdk-linux/usr/bin/aarch64-fslc-linux/aarch64-fslc-linux-gcc
COLLECT_LTO_WRAPPER=/opt/fslc-wayland/2.5.2/sysroots/x86_64-fslcsdk-linux/usr/libexec/aarch64-fslc-linux/gcc/aarch64-fslc-linux/7.3.0/lto-wrapper
Target: aarch64-fslc-linux
Configured with: ../../../../../../work-shared/gcc-7.3.0-r0/gcc-7.3.0/configure --build=x86_64-linux --host=x86_64-fslcsdk-linux --target=aarch64-fslc-linux --prefix=/opt/fslc-wayland/2.5.2/sysroots/x86_64-fslcsdk-linux/usr --exec_prefix=/opt/fslc-wayland/2.5.2/sysroots/x86_64-fslcsdk-linux/usr --bindir=/opt/fslc-wayland/2.5.2/sysroots/x86_64-fslcsdk-linux/usr/bin/aarch64-fslc-linux --sbindir=/opt/fslc-wayland/2.5.2/sysroots/x86_64-fslcsdk-linux/usr/bin/aarch64-fslc-linux --libexecdir=/opt/fslc-wayland/2.5.2/sysroots/x86_64-fslcsdk-linux/usr/libexec/aarch64-fslc-linux --datadir=/opt/fslc-wayland/2.5.2/sysroots/x86_64-fslcsdk-linux/usr/share --sysconfdir=/opt/fslc-wayland/2.5.2/sysroots/x86_64-fslcsdk-linux/etc --sharedstatedir=/opt/fslc-wayland/2.5.2/sysroots/x86_64-fslcsdk-linux/com --localstatedir=/opt/fslc-wayland/2.5.2/sysroots/x86_64-fslcsdk-linux/var --libdir=/opt/fslc-wayland/2.5.2/sysroots/x86_64-fslcsdk-linux/usr/lib/aarch64-fslc-linux --includedir=/opt/fslc-wayland/2.5.2/sysroots/x86_64-fslcsdk-linux/usr/include --oldincludedir=/opt/fslc-wayland/2.5.2/sysroots/x86_64-fslcsdk-linux/usr/include --infodir=/opt/fslc-wayland/2.5.2/sysroots/x86_64-fslcsdk-linux/usr/share/info --mandir=/opt/fslc-wayland/2.5.2/sysroots/x86_64-fslcsdk-linux/usr/share/man --disable-silent-rules --disable-dependency-tracking --with-libtool-sysroot=/home/ubuntu/work/c-v2x/imx8_sources/build/tmp/work/x86_64-nativesdk-fslcsdk-linux/gcc-cross-canadian-aarch64/7.3.0-r0/recipe-sysroot --with-gnu-ld --enable-shared --enable-languages=c,c++ --enable-threads=posix --enable-multilib --enable-c99 --enable-long-long --enable-symvers=gnu --enable-libstdcxx-pch --program-prefix=aarch64-fslc-linux- --without-local-prefix --enable-lto --enable-libssp --enable-libitm --disable-bootstrap --disable-libmudflap --with-system-zlib --with-linker-hash-style=gnu --enable-linker-build-id --with-ppl=no --with-cloog=no --enable-checking=release --enable-cheaders=c_global --without-isl --with-gxx-include-dir=/not/exist/usr/include/c++/7.3.0 --with-build-time-tools=/home/ubuntu/work/c-v2x/imx8_sources/build/tmp/work/x86_64-nativesdk-fslcsdk-linux/gcc-cross-canadian-aarch64/7.3.0-r0/recipe-sysroot-native/usr/aarch64-fslc-linux/bin --with-sysroot=/not/exist --with-build-sysroot=/home/ubuntu/work/c-v2x/imx8_sources/build/tmp/work/x86_64-nativesdk-fslcsdk-linux/gcc-cross-canadian-aarch64/7.3.0-r0/recipe-sysroot --without-long-double-128 --enable-poison-system-directories --with-mpfr=/home/ubuntu/work/c-v2x/imx8_sources/build/tmp/work/x86_64-nativesdk-fslcsdk-linux/gcc-cross-canadian-aarch64/7.3.0-r0/recipe-sysroot --with-mpc=/home/ubuntu/work/c-v2x/imx8_sources/build/tmp/work/x86_64-nativesdk-fslcsdk-linux/gcc-cross-canadian-aarch64/7.3.0-r0/recipe-sysroot --disable-static --enable-nls --enable-initfini-array --enable-__cxa_atexit
Thread model: posix
gcc version 7.3.0 (GCC) 
COMPILER_PATH=/opt/fslc-wayland/2.5.2/sysroots/x86_64-fslcsdk-linux/usr/libexec/aarch64-fslc-linux/gcc/aarch64-fslc-linux/7.3.0/:/opt/fslc-wayland/2.5.2/sysroots/x86_64-fslcsdk-linux/usr/libexec/aarch64-fslc-linux/gcc/aarch64-fslc-linux/7.3.0/:/opt/fslc-wayland/2.5.2/sysroots/x86_64-fslcsdk-linux/usr/libexec/aarch64-fslc-linux/gcc/aarch64-fslc-linux/:/opt/fslc-wayland/2.5.2/sysroots/x86_64-fslcsdk-linux/usr/lib/aarch64-fslc-linux/gcc/aarch64-fslc-linux/7.3.0/:/opt/fslc-wayland/2.5.2/sysroots/x86_64-fslcsdk-linux/usr/lib/aarch64-fslc-linux/gcc/aarch64-fslc-linux/
LIBRARY_PATH=/opt/fslc-wayland/2.5.2/sysroots/x86_64-fslcsdk-linux/usr/lib/aarch64-fslc-linux/gcc/aarch64-fslc-linux/7.3.0/:/opt/fslc-wayland/2.5.2/sysroots/aarch64-fslc-linux/lib/:/opt/fslc-wayland/2.5.2/sysroots/aarch64-fslc-linux/usr/lib/aarch64-fslc-linux/7.3.0/:/opt/fslc-wayland/2.5.2/sysroots/aarch64-fslc-linux/usr/lib/
COLLECT_GCC_OPTIONS='--sysroot=/opt/fslc-wayland/2.5.2/sysroots/aarch64-fslc-linux' '-O2' '-pipe' '-g' '-feliminate-unused-debug-types' '-v' '-o' 'cmTC_ab7fa' '-mlittle-endian' '-mabi=lp64'
 /opt/fslc-wayland/2.5.2/sysroots/x86_64-fslcsdk-linux/usr/libexec/aarch64-fslc-linux/gcc/aarch64-fslc-linux/7.3.0/collect2 -plugin /opt/fslc-wayland/2.5.2/sysroots/x86_64-fslcsdk-linux/usr/libexec/aarch64-fslc-linux/gcc/aarch64-fslc-linux/7.3.0/liblto_plugin.so -plugin-opt=/opt/fslc-wayland/2.5.2/sysroots/x86_64-fslcsdk-linux/usr/libexec/aarch64-fslc-linux/gcc/aarch64-fslc-linux/7.3.0/lto-wrapper -plugin-opt=-fresolution=/tmp/cc49r4Ya.res -plugin-opt=-pass-through=-lgcc -plugin-opt=-pass-through=-lgcc_s -plugin-opt=-pass-through=-lc -plugin-opt=-pass-through=-lgcc -plugin-opt=-pass-through=-lgcc_s --sysroot=/opt/fslc-wayland/2.5.2/sysroots/aarch64-fslc-linux --build-id --eh-frame-hdr --hash-style=gnu -dynamic-linker /lib/ld-linux-aarch64.so.1 -X -EL -maarch64linux -o cmTC_ab7fa /opt/fslc-wayland/2.5.2/sysroots/aarch64-fslc-linux/usr/lib/crt1.o /opt/fslc-wayland/2.5.2/sysroots/aarch64-fslc-linux/usr/lib/crti.o /opt/fslc-wayland/2.5.2/sysroots/aarch64-fslc-linux/usr/lib/aarch64-fslc-linux/7.3.0/crtbegin.o -L/opt/fslc-wayland/2.5.2/sysroots/x86_64-fslcsdk-linux/usr/lib/aarch64-fslc-linux/gcc/aarch64-fslc-linux/7.3.0 -L/opt/fslc-wayland/2.5.2/sysroots/aarch64-fslc-linux/lib -L/opt/fslc-wayland/2.5.2/sysroots/aarch64-fslc-linux/usr/lib/aarch64-fslc-linux/7.3.0 -L/opt/fslc-wayland/2.5.2/sysroots/aarch64-fslc-linux/usr/lib -O1 --hash-style=gnu --as-needed CMakeFiles/cmTC_ab7fa.dir/CMakeCCompilerABI.c.o -lgcc --as-needed -lgcc_s --no-as-needed -lc -lgcc --as-needed -lgcc_s --no-as-needed /opt/fslc-wayland/2.5.2/sysroots/aarch64-fslc-linux/usr/lib/aarch64-fslc-linux/7.3.0/crtend.o /opt/fslc-wayland/2.5.2/sysroots/aarch64-fslc-linux/usr/lib/crtn.o
COLLECT_GCC_OPTIONS='--sysroot=/opt/fslc-wayland/2.5.2/sysroots/aarch64-fslc-linux' '-O2' '-pipe' '-g' '-feliminate-unused-debug-types' '-v' '-o' 'cmTC_ab7fa' '-mlittle-endian' '-mabi=lp64'
make[1]: 离开目录“/home/wanji/StackLib/Protocol_Stack/SafetyCertScmf/Scmf/build/CMakeFiles/CMakeTmp”


Parsed C implicit link information from above output:
  link line regex: [^( *|.*[/\])(aarch64-fslc-linux-ld|CMAKE_LINK_STARTFILE-NOTFOUND|([^/\]+-)?ld|collect2)[^/\]*( |$)]
  ignore line: [Change Dir: /home/wanji/StackLib/Protocol_Stack/SafetyCertScmf/Scmf/build/CMakeFiles/CMakeTmp]
  ignore line: []
  ignore line: [Run Build Command:"/usr/bin/make" "cmTC_ab7fa/fast"]
  ignore line: [/usr/bin/make -f CMakeFiles/cmTC_ab7fa.dir/build.make CMakeFiles/cmTC_ab7fa.dir/build]
  ignore line: [make[1]: 进入目录“/home/wanji/StackLib/Protocol_Stack/SafetyCertScmf/Scmf/build/CMakeFiles/CMakeTmp”]
  ignore line: [Building C object CMakeFiles/cmTC_ab7fa.dir/CMakeCCompilerABI.c.o]
  ignore line: [/opt/fslc-wayland/2.5.2/sysroots/x86_64-fslcsdk-linux/usr/bin/aarch64-fslc-linux/aarch64-fslc-linux-gcc   --sysroot=/opt/fslc-wayland/2.5.2/sysroots/aarch64-fslc-linux   -O2 -pipe -g -feliminate-unused-debug-types     -o CMakeFiles/cmTC_ab7fa.dir/CMakeCCompilerABI.c.o   -c /opt/fslc-wayland/2.5.2/sysroots/x86_64-fslcsdk-linux/usr/share/cmake-3.10/Modules/CMakeCCompilerABI.c]
  ignore line: [Linking C executable cmTC_ab7fa]
  ignore line: [/opt/fslc-wayland/2.5.2/sysroots/x86_64-fslcsdk-linux/usr/bin/cmake -E cmake_link_script CMakeFiles/cmTC_ab7fa.dir/link.txt --verbose=1]
  ignore line: [/opt/fslc-wayland/2.5.2/sysroots/x86_64-fslcsdk-linux/usr/bin/aarch64-fslc-linux/aarch64-fslc-linux-gcc   --sysroot=/opt/fslc-wayland/2.5.2/sysroots/aarch64-fslc-linux  -O2 -pipe -g -feliminate-unused-debug-types    -Wl,-O1 -Wl,--hash-style=gnu -Wl,--as-needed -v CMakeFiles/cmTC_ab7fa.dir/CMakeCCompilerABI.c.o  -o cmTC_ab7fa ]
  ignore line: [Using built-in specs.]
  ignore line: [COLLECT_GCC=/opt/fslc-wayland/2.5.2/sysroots/x86_64-fslcsdk-linux/usr/bin/aarch64-fslc-linux/aarch64-fslc-linux-gcc]
  ignore line: [COLLECT_LTO_WRAPPER=/opt/fslc-wayland/2.5.2/sysroots/x86_64-fslcsdk-linux/usr/libexec/aarch64-fslc-linux/gcc/aarch64-fslc-linux/7.3.0/lto-wrapper]
  ignore line: [Target: aarch64-fslc-linux]
  ignore line: [Configured with: ../../../../../../work-shared/gcc-7.3.0-r0/gcc-7.3.0/configure --build=x86_64-linux --host=x86_64-fslcsdk-linux --target=aarch64-fslc-linux --prefix=/opt/fslc-wayland/2.5.2/sysroots/x86_64-fslcsdk-linux/usr --exec_prefix=/opt/fslc-wayland/2.5.2/sysroots/x86_64-fslcsdk-linux/usr --bindir=/opt/fslc-wayland/2.5.2/sysroots/x86_64-fslcsdk-linux/usr/bin/aarch64-fslc-linux --sbindir=/opt/fslc-wayland/2.5.2/sysroots/x86_64-fslcsdk-linux/usr/bin/aarch64-fslc-linux --libexecdir=/opt/fslc-wayland/2.5.2/sysroots/x86_64-fslcsdk-linux/usr/libexec/aarch64-fslc-linux --datadir=/opt/fslc-wayland/2.5.2/sysroots/x86_64-fslcsdk-linux/usr/share --sysconfdir=/opt/fslc-wayland/2.5.2/sysroots/x86_64-fslcsdk-linux/etc --sharedstatedir=/opt/fslc-wayland/2.5.2/sysroots/x86_64-fslcsdk-linux/com --localstatedir=/opt/fslc-wayland/2.5.2/sysroots/x86_64-fslcsdk-linux/var --libdir=/opt/fslc-wayland/2.5.2/sysroots/x86_64-fslcsdk-linux/usr/lib/aarch64-fslc-linux --includedir=/opt/fslc-wayland/2.5.2/sysroots/x86_64-fslcsdk-linux/usr/include --oldincludedir=/opt/fslc-wayland/2.5.2/sysroots/x86_64-fslcsdk-linux/usr/include --infodir=/opt/fslc-wayland/2.5.2/sysroots/x86_64-fslcsdk-linux/usr/share/info --mandir=/opt/fslc-wayland/2.5.2/sysroots/x86_64-fslcsdk-linux/usr/share/man --disable-silent-rules --disable-dependency-tracking --with-libtool-sysroot=/home/ubuntu/work/c-v2x/imx8_sources/build/tmp/work/x86_64-nativesdk-fslcsdk-linux/gcc-cross-canadian-aarch64/7.3.0-r0/recipe-sysroot --with-gnu-ld --enable-shared --enable-languages=c,c++ --enable-threads=posix --enable-multilib --enable-c99 --enable-long-long --enable-symvers=gnu --enable-libstdcxx-pch --program-prefix=aarch64-fslc-linux- --without-local-prefix --enable-lto --enable-libssp --enable-libitm --disable-bootstrap --disable-libmudflap --with-system-zlib --with-linker-hash-style=gnu --enable-linker-build-id --with-ppl=no --with-cloog=no --enable-checking=release --enable-cheaders=c_global --without-isl --with-gxx-include-dir=/not/exist/usr/include/c++/7.3.0 --with-build-time-tools=/home/ubuntu/work/c-v2x/imx8_sources/build/tmp/work/x86_64-nativesdk-fslcsdk-linux/gcc-cross-canadian-aarch64/7.3.0-r0/recipe-sysroot-native/usr/aarch64-fslc-linux/bin --with-sysroot=/not/exist --with-build-sysroot=/home/ubuntu/work/c-v2x/imx8_sources/build/tmp/work/x86_64-nativesdk-fslcsdk-linux/gcc-cross-canadian-aarch64/7.3.0-r0/recipe-sysroot --without-long-double-128 --enable-poison-system-directories --with-mpfr=/home/ubuntu/work/c-v2x/imx8_sources/build/tmp/work/x86_64-nativesdk-fslcsdk-linux/gcc-cross-canadian-aarch64/7.3.0-r0/recipe-sysroot --with-mpc=/home/ubuntu/work/c-v2x/imx8_sources/build/tmp/work/x86_64-nativesdk-fslcsdk-linux/gcc-cross-canadian-aarch64/7.3.0-r0/recipe-sysroot --disable-static --enable-nls --enable-initfini-array --enable-__cxa_atexit]
  ignore line: [Thread model: posix]
  ignore line: [gcc version 7.3.0 (GCC) ]
  ignore line: [COMPILER_PATH=/opt/fslc-wayland/2.5.2/sysroots/x86_64-fslcsdk-linux/usr/libexec/aarch64-fslc-linux/gcc/aarch64-fslc-linux/7.3.0/:/opt/fslc-wayland/2.5.2/sysroots/x86_64-fslcsdk-linux/usr/libexec/aarch64-fslc-linux/gcc/aarch64-fslc-linux/7.3.0/:/opt/fslc-wayland/2.5.2/sysroots/x86_64-fslcsdk-linux/usr/libexec/aarch64-fslc-linux/gcc/aarch64-fslc-linux/:/opt/fslc-wayland/2.5.2/sysroots/x86_64-fslcsdk-linux/usr/lib/aarch64-fslc-linux/gcc/aarch64-fslc-linux/7.3.0/:/opt/fslc-wayland/2.5.2/sysroots/x86_64-fslcsdk-linux/usr/lib/aarch64-fslc-linux/gcc/aarch64-fslc-linux/]
  ignore line: [LIBRARY_PATH=/opt/fslc-wayland/2.5.2/sysroots/x86_64-fslcsdk-linux/usr/lib/aarch64-fslc-linux/gcc/aarch64-fslc-linux/7.3.0/:/opt/fslc-wayland/2.5.2/sysroots/aarch64-fslc-linux/lib/:/opt/fslc-wayland/2.5.2/sysroots/aarch64-fslc-linux/usr/lib/aarch64-fslc-linux/7.3.0/:/opt/fslc-wayland/2.5.2/sysroots/aarch64-fslc-linux/usr/lib/]
  ignore line: [COLLECT_GCC_OPTIONS='--sysroot=/opt/fslc-wayland/2.5.2/sysroots/aarch64-fslc-linux' '-O2' '-pipe' '-g' '-feliminate-unused-debug-types' '-v' '-o' 'cmTC_ab7fa' '-mlittle-endian' '-mabi=lp64']
  link line: [ /opt/fslc-wayland/2.5.2/sysroots/x86_64-fslcsdk-linux/usr/libexec/aarch64-fslc-linux/gcc/aarch64-fslc-linux/7.3.0/collect2 -plugin /opt/fslc-wayland/2.5.2/sysroots/x86_64-fslcsdk-linux/usr/libexec/aarch64-fslc-linux/gcc/aarch64-fslc-linux/7.3.0/liblto_plugin.so -plugin-opt=/opt/fslc-wayland/2.5.2/sysroots/x86_64-fslcsdk-linux/usr/libexec/aarch64-fslc-linux/gcc/aarch64-fslc-linux/7.3.0/lto-wrapper -plugin-opt=-fresolution=/tmp/cc49r4Ya.res -plugin-opt=-pass-through=-lgcc -plugin-opt=-pass-through=-lgcc_s -plugin-opt=-pass-through=-lc -plugin-opt=-pass-through=-lgcc -plugin-opt=-pass-through=-lgcc_s --sysroot=/opt/fslc-wayland/2.5.2/sysroots/aarch64-fslc-linux --build-id --eh-frame-hdr --hash-style=gnu -dynamic-linker /lib/ld-linux-aarch64.so.1 -X -EL -maarch64linux -o cmTC_ab7fa /opt/fslc-wayland/2.5.2/sysroots/aarch64-fslc-linux/usr/lib/crt1.o /opt/fslc-wayland/2.5.2/sysroots/aarch64-fslc-linux/usr/lib/crti.o /opt/fslc-wayland/2.5.2/sysroots/aarch64-fslc-linux/usr/lib/aarch64-fslc-linux/7.3.0/crtbegin.o -L/opt/fslc-wayland/2.5.2/sysroots/x86_64-fslcsdk-linux/usr/lib/aarch64-fslc-linux/gcc/aarch64-fslc-linux/7.3.0 -L/opt/fslc-wayland/2.5.2/sysroots/aarch64-fslc-linux/lib -L/opt/fslc-wayland/2.5.2/sysroots/aarch64-fslc-linux/usr/lib/aarch64-fslc-linux/7.3.0 -L/opt/fslc-wayland/2.5.2/sysroots/aarch64-fslc-linux/usr/lib -O1 --hash-style=gnu --as-needed CMakeFiles/cmTC_ab7fa.dir/CMakeCCompilerABI.c.o -lgcc --as-needed -lgcc_s --no-as-needed -lc -lgcc --as-needed -lgcc_s --no-as-needed /opt/fslc-wayland/2.5.2/sysroots/aarch64-fslc-linux/usr/lib/aarch64-fslc-linux/7.3.0/crtend.o /opt/fslc-wayland/2.5.2/sysroots/aarch64-fslc-linux/usr/lib/crtn.o]
    arg [/opt/fslc-wayland/2.5.2/sysroots/x86_64-fslcsdk-linux/usr/libexec/aarch64-fslc-linux/gcc/aarch64-fslc-linux/7.3.0/collect2] ==> ignore
    arg [-plugin] ==> ignore
    arg [/opt/fslc-wayland/2.5.2/sysroots/x86_64-fslcsdk-linux/usr/libexec/aarch64-fslc-linux/gcc/aarch64-fslc-linux/7.3.0/liblto_plugin.so] ==> ignore
    arg [-plugin-opt=/opt/fslc-wayland/2.5.2/sysroots/x86_64-fslcsdk-linux/usr/libexec/aarch64-fslc-linux/gcc/aarch64-fslc-linux/7.3.0/lto-wrapper] ==> ignore
    arg [-plugin-opt=-fresolution=/tmp/cc49r4Ya.res] ==> ignore
    arg [-plugin-opt=-pass-through=-lgcc] ==> ignore
    arg [-plugin-opt=-pass-through=-lgcc_s] ==> ignore
    arg [-plugin-opt=-pass-through=-lc] ==> ignore
    arg [-plugin-opt=-pass-through=-lgcc] ==> ignore
    arg [-plugin-opt=-pass-through=-lgcc_s] ==> ignore
    arg [--sysroot=/opt/fslc-wayland/2.5.2/sysroots/aarch64-fslc-linux] ==> ignore
    arg [--build-id] ==> ignore
    arg [--eh-frame-hdr] ==> ignore
    arg [--hash-style=gnu] ==> ignore
    arg [-dynamic-linker] ==> ignore
    arg [/lib/ld-linux-aarch64.so.1] ==> ignore
    arg [-X] ==> ignore
    arg [-EL] ==> ignore
    arg [-maarch64linux] ==> ignore
    arg [-o] ==> ignore
    arg [cmTC_ab7fa] ==> ignore
    arg [/opt/fslc-wayland/2.5.2/sysroots/aarch64-fslc-linux/usr/lib/crt1.o] ==> ignore
    arg [/opt/fslc-wayland/2.5.2/sysroots/aarch64-fslc-linux/usr/lib/crti.o] ==> ignore
    arg [/opt/fslc-wayland/2.5.2/sysroots/aarch64-fslc-linux/usr/lib/aarch64-fslc-linux/7.3.0/crtbegin.o] ==> ignore
    arg [-L/opt/fslc-wayland/2.5.2/sysroots/x86_64-fslcsdk-linux/usr/lib/aarch64-fslc-linux/gcc/aarch64-fslc-linux/7.3.0] ==> dir [/opt/fslc-wayland/2.5.2/sysroots/x86_64-fslcsdk-linux/usr/lib/aarch64-fslc-linux/gcc/aarch64-fslc-linux/7.3.0]
    arg [-L/opt/fslc-wayland/2.5.2/sysroots/aarch64-fslc-linux/lib] ==> dir [/opt/fslc-wayland/2.5.2/sysroots/aarch64-fslc-linux/lib]
    arg [-L/opt/fslc-wayland/2.5.2/sysroots/aarch64-fslc-linux/usr/lib/aarch64-fslc-linux/7.3.0] ==> dir [/opt/fslc-wayland/2.5.2/sysroots/aarch64-fslc-linux/usr/lib/aarch64-fslc-linux/7.3.0]
    arg [-L/opt/fslc-wayland/2.5.2/sysroots/aarch64-fslc-linux/usr/lib] ==> dir [/opt/fslc-wayland/2.5.2/sysroots/aarch64-fslc-linux/usr/lib]
    arg [-O1] ==> ignore
    arg [--hash-style=gnu] ==> ignore
    arg [--as-needed] ==> ignore
    arg [CMakeFiles/cmTC_ab7fa.dir/CMakeCCompilerABI.c.o] ==> ignore
    arg [-lgcc] ==> lib [gcc]
    arg [--as-needed] ==> ignore
    arg [-lgcc_s] ==> lib [gcc_s]
    arg [--no-as-needed] ==> ignore
    arg [-lc] ==> lib [c]
    arg [-lgcc] ==> lib [gcc]
    arg [--as-needed] ==> ignore
    arg [-lgcc_s] ==> lib [gcc_s]
    arg [--no-as-needed] ==> ignore
    arg [/opt/fslc-wayland/2.5.2/sysroots/aarch64-fslc-linux/usr/lib/aarch64-fslc-linux/7.3.0/crtend.o] ==> ignore
    arg [/opt/fslc-wayland/2.5.2/sysroots/aarch64-fslc-linux/usr/lib/crtn.o] ==> ignore
  collapse library dir [/opt/fslc-wayland/2.5.2/sysroots/x86_64-fslcsdk-linux/usr/lib/aarch64-fslc-linux/gcc/aarch64-fslc-linux/7.3.0] ==> [/opt/fslc-wayland/2.5.2/sysroots/x86_64-fslcsdk-linux/usr/lib/aarch64-fslc-linux/gcc/aarch64-fslc-linux/7.3.0]
  collapse library dir [/opt/fslc-wayland/2.5.2/sysroots/aarch64-fslc-linux/lib] ==> [/opt/fslc-wayland/2.5.2/sysroots/aarch64-fslc-linux/lib]
  collapse library dir [/opt/fslc-wayland/2.5.2/sysroots/aarch64-fslc-linux/usr/lib/aarch64-fslc-linux/7.3.0] ==> [/opt/fslc-wayland/2.5.2/sysroots/aarch64-fslc-linux/usr/lib/aarch64-fslc-linux/7.3.0]
  collapse library dir [/opt/fslc-wayland/2.5.2/sysroots/aarch64-fslc-linux/usr/lib] ==> [/opt/fslc-wayland/2.5.2/sysroots/aarch64-fslc-linux/usr/lib]
  implicit libs: [gcc;gcc_s;c;gcc;gcc_s]
  implicit dirs: [/opt/fslc-wayland/2.5.2/sysroots/x86_64-fslcsdk-linux/usr/lib/aarch64-fslc-linux/gcc/aarch64-fslc-linux/7.3.0;/opt/fslc-wayland/2.5.2/sysroots/aarch64-fslc-linux/lib;/opt/fslc-wayland/2.5.2/sysroots/aarch64-fslc-linux/usr/lib/aarch64-fslc-linux/7.3.0;/opt/fslc-wayland/2.5.2/sysroots/aarch64-fslc-linux/usr/lib]
  implicit fwks: []




Detecting C [-std=c11] compiler features compiled with the following output:
Change Dir: /home/wanji/StackLib/Protocol_Stack/SafetyCertScmf/Scmf/build/CMakeFiles/CMakeTmp

Run Build Command:"/usr/bin/make" "cmTC_0a4c7/fast"
/usr/bin/make -f CMakeFiles/cmTC_0a4c7.dir/build.make CMakeFiles/cmTC_0a4c7.dir/build
make[1]: 进入目录“/home/wanji/StackLib/Protocol_Stack/SafetyCertScmf/Scmf/build/CMakeFiles/CMakeTmp”
Building C object CMakeFiles/cmTC_0a4c7.dir/feature_tests.c.o
/opt/fslc-wayland/2.5.2/sysroots/x86_64-fslcsdk-linux/usr/bin/aarch64-fslc-linux/aarch64-fslc-linux-gcc   --sysroot=/opt/fslc-wayland/2.5.2/sysroots/aarch64-fslc-linux   -O2 -pipe -g -feliminate-unused-debug-types     -std=c11 -o CMakeFiles/cmTC_0a4c7.dir/feature_tests.c.o   -c /home/wanji/StackLib/Protocol_Stack/SafetyCertScmf/Scmf/build/CMakeFiles/feature_tests.c
Linking C executable cmTC_0a4c7
/opt/fslc-wayland/2.5.2/sysroots/x86_64-fslcsdk-linux/usr/bin/cmake -E cmake_link_script CMakeFiles/cmTC_0a4c7.dir/link.txt --verbose=1
/opt/fslc-wayland/2.5.2/sysroots/x86_64-fslcsdk-linux/usr/bin/aarch64-fslc-linux/aarch64-fslc-linux-gcc   --sysroot=/opt/fslc-wayland/2.5.2/sysroots/aarch64-fslc-linux  -O2 -pipe -g -feliminate-unused-debug-types    -Wl,-O1 -Wl,--hash-style=gnu -Wl,--as-needed  CMakeFiles/cmTC_0a4c7.dir/feature_tests.c.o  -o cmTC_0a4c7 
make[1]: 离开目录“/home/wanji/StackLib/Protocol_Stack/SafetyCertScmf/Scmf/build/CMakeFiles/CMakeTmp”


    Feature record: C_FEATURE:1c_function_prototypes
    Feature record: C_FEATURE:1c_restrict
    Feature record: C_FEATURE:1c_static_assert
    Feature record: C_FEATURE:1c_variadic_macros


Detecting C [-std=c99] compiler features compiled with the following output:
Change Dir: /home/wanji/StackLib/Protocol_Stack/SafetyCertScmf/Scmf/build/CMakeFiles/CMakeTmp

Run Build Command:"/usr/bin/make" "cmTC_f7f4c/fast"
/usr/bin/make -f CMakeFiles/cmTC_f7f4c.dir/build.make CMakeFiles/cmTC_f7f4c.dir/build
make[1]: 进入目录“/home/wanji/StackLib/Protocol_Stack/SafetyCertScmf/Scmf/build/CMakeFiles/CMakeTmp”
Building C object CMakeFiles/cmTC_f7f4c.dir/feature_tests.c.o
/opt/fslc-wayland/2.5.2/sysroots/x86_64-fslcsdk-linux/usr/bin/aarch64-fslc-linux/aarch64-fslc-linux-gcc   --sysroot=/opt/fslc-wayland/2.5.2/sysroots/aarch64-fslc-linux   -O2 -pipe -g -feliminate-unused-debug-types     -std=c99 -o CMakeFiles/cmTC_f7f4c.dir/feature_tests.c.o   -c /home/wanji/StackLib/Protocol_Stack/SafetyCertScmf/Scmf/build/CMakeFiles/feature_tests.c
Linking C executable cmTC_f7f4c
/opt/fslc-wayland/2.5.2/sysroots/x86_64-fslcsdk-linux/usr/bin/cmake -E cmake_link_script CMakeFiles/cmTC_f7f4c.dir/link.txt --verbose=1
/opt/fslc-wayland/2.5.2/sysroots/x86_64-fslcsdk-linux/usr/bin/aarch64-fslc-linux/aarch64-fslc-linux-gcc   --sysroot=/opt/fslc-wayland/2.5.2/sysroots/aarch64-fslc-linux  -O2 -pipe -g -feliminate-unused-debug-types    -Wl,-O1 -Wl,--hash-style=gnu -Wl,--as-needed  CMakeFiles/cmTC_f7f4c.dir/feature_tests.c.o  -o cmTC_f7f4c 
make[1]: 离开目录“/home/wanji/StackLib/Protocol_Stack/SafetyCertScmf/Scmf/build/CMakeFiles/CMakeTmp”


    Feature record: C_FEATURE:1c_function_prototypes
    Feature record: C_FEATURE:1c_restrict
    Feature record: C_FEATURE:0c_static_assert
    Feature record: C_FEATURE:1c_variadic_macros


Detecting C [-std=c90] compiler features compiled with the following output:
Change Dir: /home/wanji/StackLib/Protocol_Stack/SafetyCertScmf/Scmf/build/CMakeFiles/CMakeTmp

Run Build Command:"/usr/bin/make" "cmTC_a0936/fast"
/usr/bin/make -f CMakeFiles/cmTC_a0936.dir/build.make CMakeFiles/cmTC_a0936.dir/build
make[1]: 进入目录“/home/wanji/StackLib/Protocol_Stack/SafetyCertScmf/Scmf/build/CMakeFiles/CMakeTmp”
Building C object CMakeFiles/cmTC_a0936.dir/feature_tests.c.o
/opt/fslc-wayland/2.5.2/sysroots/x86_64-fslcsdk-linux/usr/bin/aarch64-fslc-linux/aarch64-fslc-linux-gcc   --sysroot=/opt/fslc-wayland/2.5.2/sysroots/aarch64-fslc-linux   -O2 -pipe -g -feliminate-unused-debug-types     -std=c90 -o CMakeFiles/cmTC_a0936.dir/feature_tests.c.o   -c /home/wanji/StackLib/Protocol_Stack/SafetyCertScmf/Scmf/build/CMakeFiles/feature_tests.c
Linking C executable cmTC_a0936
/opt/fslc-wayland/2.5.2/sysroots/x86_64-fslcsdk-linux/usr/bin/cmake -E cmake_link_script CMakeFiles/cmTC_a0936.dir/link.txt --verbose=1
/opt/fslc-wayland/2.5.2/sysroots/x86_64-fslcsdk-linux/usr/bin/aarch64-fslc-linux/aarch64-fslc-linux-gcc   --sysroot=/opt/fslc-wayland/2.5.2/sysroots/aarch64-fslc-linux  -O2 -pipe -g -feliminate-unused-debug-types    -Wl,-O1 -Wl,--hash-style=gnu -Wl,--as-needed  CMakeFiles/cmTC_a0936.dir/feature_tests.c.o  -o cmTC_a0936 
make[1]: 离开目录“/home/wanji/StackLib/Protocol_Stack/SafetyCertScmf/Scmf/build/CMakeFiles/CMakeTmp”


    Feature record: C_FEATURE:1c_function_prototypes
    Feature record: C_FEATURE:0c_restrict
    Feature record: C_FEATURE:0c_static_assert
    Feature record: C_FEATURE:0c_variadic_macros
Compiling the CXX compiler identification source file "CMakeCXXCompilerId.cpp" succeeded.
Compiler: /opt/fslc-wayland/2.5.2/sysroots/x86_64-fslcsdk-linux/usr/bin/aarch64-fslc-linux/aarch64-fslc-linux-g++ --sysroot=/opt/fslc-wayland/2.5.2/sysroots/aarch64-fslc-linux
Build flags: ;-O2;-pipe;-g;-feliminate-unused-debug-types;
Id flags:  

The output was:
0


Compilation of the CXX compiler identification source "CMakeCXXCompilerId.cpp" produced "a.out"

The CXX compiler identification is GNU, found in "/home/wanji/StackLib/Protocol_Stack/SafetyCertScmf/Scmf/build/CMakeFiles/3.10.3/CompilerIdCXX/a.out"

Determining if the CXX compiler works passed with the following output:
Change Dir: /home/wanji/StackLib/Protocol_Stack/SafetyCertScmf/Scmf/build/CMakeFiles/CMakeTmp

Run Build Command:"/usr/bin/make" "cmTC_3da0a/fast"
/usr/bin/make -f CMakeFiles/cmTC_3da0a.dir/build.make CMakeFiles/cmTC_3da0a.dir/build
make[1]: 进入目录“/home/wanji/StackLib/Protocol_Stack/SafetyCertScmf/Scmf/build/CMakeFiles/CMakeTmp”
Building CXX object CMakeFiles/cmTC_3da0a.dir/testCXXCompiler.cxx.o
/opt/fslc-wayland/2.5.2/sysroots/x86_64-fslcsdk-linux/usr/bin/aarch64-fslc-linux/aarch64-fslc-linux-g++   --sysroot=/opt/fslc-wayland/2.5.2/sysroots/aarch64-fslc-linux    -O2 -pipe -g -feliminate-unused-debug-types     -o CMakeFiles/cmTC_3da0a.dir/testCXXCompiler.cxx.o -c /home/wanji/StackLib/Protocol_Stack/SafetyCertScmf/Scmf/build/CMakeFiles/CMakeTmp/testCXXCompiler.cxx
Linking CXX executable cmTC_3da0a
/opt/fslc-wayland/2.5.2/sysroots/x86_64-fslcsdk-linux/usr/bin/cmake -E cmake_link_script CMakeFiles/cmTC_3da0a.dir/link.txt --verbose=1
/opt/fslc-wayland/2.5.2/sysroots/x86_64-fslcsdk-linux/usr/bin/aarch64-fslc-linux/aarch64-fslc-linux-g++   --sysroot=/opt/fslc-wayland/2.5.2/sysroots/aarch64-fslc-linux   -O2 -pipe -g -feliminate-unused-debug-types    -Wl,-O1 -Wl,--hash-style=gnu -Wl,--as-needed  CMakeFiles/cmTC_3da0a.dir/testCXXCompiler.cxx.o  -o cmTC_3da0a 
make[1]: 离开目录“/home/wanji/StackLib/Protocol_Stack/SafetyCertScmf/Scmf/build/CMakeFiles/CMakeTmp”


Detecting CXX compiler ABI info compiled with the following output:
Change Dir: /home/wanji/StackLib/Protocol_Stack/SafetyCertScmf/Scmf/build/CMakeFiles/CMakeTmp

Run Build Command:"/usr/bin/make" "cmTC_895a0/fast"
/usr/bin/make -f CMakeFiles/cmTC_895a0.dir/build.make CMakeFiles/cmTC_895a0.dir/build
make[1]: 进入目录“/home/wanji/StackLib/Protocol_Stack/SafetyCertScmf/Scmf/build/CMakeFiles/CMakeTmp”
Building CXX object CMakeFiles/cmTC_895a0.dir/CMakeCXXCompilerABI.cpp.o
/opt/fslc-wayland/2.5.2/sysroots/x86_64-fslcsdk-linux/usr/bin/aarch64-fslc-linux/aarch64-fslc-linux-g++   --sysroot=/opt/fslc-wayland/2.5.2/sysroots/aarch64-fslc-linux    -O2 -pipe -g -feliminate-unused-debug-types     -o CMakeFiles/cmTC_895a0.dir/CMakeCXXCompilerABI.cpp.o -c /opt/fslc-wayland/2.5.2/sysroots/x86_64-fslcsdk-linux/usr/share/cmake-3.10/Modules/CMakeCXXCompilerABI.cpp
Linking CXX executable cmTC_895a0
/opt/fslc-wayland/2.5.2/sysroots/x86_64-fslcsdk-linux/usr/bin/cmake -E cmake_link_script CMakeFiles/cmTC_895a0.dir/link.txt --verbose=1
/opt/fslc-wayland/2.5.2/sysroots/x86_64-fslcsdk-linux/usr/bin/aarch64-fslc-linux/aarch64-fslc-linux-g++   --sysroot=/opt/fslc-wayland/2.5.2/sysroots/aarch64-fslc-linux   -O2 -pipe -g -feliminate-unused-debug-types    -Wl,-O1 -Wl,--hash-style=gnu -Wl,--as-needed -v CMakeFiles/cmTC_895a0.dir/CMakeCXXCompilerABI.cpp.o  -o cmTC_895a0 
Using built-in specs.
COLLECT_GCC=/opt/fslc-wayland/2.5.2/sysroots/x86_64-fslcsdk-linux/usr/bin/aarch64-fslc-linux/aarch64-fslc-linux-g++
COLLECT_LTO_WRAPPER=/opt/fslc-wayland/2.5.2/sysroots/x86_64-fslcsdk-linux/usr/libexec/aarch64-fslc-linux/gcc/aarch64-fslc-linux/7.3.0/lto-wrapper
Target: aarch64-fslc-linux
Configured with: ../../../../../../work-shared/gcc-7.3.0-r0/gcc-7.3.0/configure --build=x86_64-linux --host=x86_64-fslcsdk-linux --target=aarch64-fslc-linux --prefix=/opt/fslc-wayland/2.5.2/sysroots/x86_64-fslcsdk-linux/usr --exec_prefix=/opt/fslc-wayland/2.5.2/sysroots/x86_64-fslcsdk-linux/usr --bindir=/opt/fslc-wayland/2.5.2/sysroots/x86_64-fslcsdk-linux/usr/bin/aarch64-fslc-linux --sbindir=/opt/fslc-wayland/2.5.2/sysroots/x86_64-fslcsdk-linux/usr/bin/aarch64-fslc-linux --libexecdir=/opt/fslc-wayland/2.5.2/sysroots/x86_64-fslcsdk-linux/usr/libexec/aarch64-fslc-linux --datadir=/opt/fslc-wayland/2.5.2/sysroots/x86_64-fslcsdk-linux/usr/share --sysconfdir=/opt/fslc-wayland/2.5.2/sysroots/x86_64-fslcsdk-linux/etc --sharedstatedir=/opt/fslc-wayland/2.5.2/sysroots/x86_64-fslcsdk-linux/com --localstatedir=/opt/fslc-wayland/2.5.2/sysroots/x86_64-fslcsdk-linux/var --libdir=/opt/fslc-wayland/2.5.2/sysroots/x86_64-fslcsdk-linux/usr/lib/aarch64-fslc-linux --includedir=/opt/fslc-wayland/2.5.2/sysroots/x86_64-fslcsdk-linux/usr/include --oldincludedir=/opt/fslc-wayland/2.5.2/sysroots/x86_64-fslcsdk-linux/usr/include --infodir=/opt/fslc-wayland/2.5.2/sysroots/x86_64-fslcsdk-linux/usr/share/info --mandir=/opt/fslc-wayland/2.5.2/sysroots/x86_64-fslcsdk-linux/usr/share/man --disable-silent-rules --disable-dependency-tracking --with-libtool-sysroot=/home/ubuntu/work/c-v2x/imx8_sources/build/tmp/work/x86_64-nativesdk-fslcsdk-linux/gcc-cross-canadian-aarch64/7.3.0-r0/recipe-sysroot --with-gnu-ld --enable-shared --enable-languages=c,c++ --enable-threads=posix --enable-multilib --enable-c99 --enable-long-long --enable-symvers=gnu --enable-libstdcxx-pch --program-prefix=aarch64-fslc-linux- --without-local-prefix --enable-lto --enable-libssp --enable-libitm --disable-bootstrap --disable-libmudflap --with-system-zlib --with-linker-hash-style=gnu --enable-linker-build-id --with-ppl=no --with-cloog=no --enable-checking=release --enable-cheaders=c_global --without-isl --with-gxx-include-dir=/not/exist/usr/include/c++/7.3.0 --with-build-time-tools=/home/ubuntu/work/c-v2x/imx8_sources/build/tmp/work/x86_64-nativesdk-fslcsdk-linux/gcc-cross-canadian-aarch64/7.3.0-r0/recipe-sysroot-native/usr/aarch64-fslc-linux/bin --with-sysroot=/not/exist --with-build-sysroot=/home/ubuntu/work/c-v2x/imx8_sources/build/tmp/work/x86_64-nativesdk-fslcsdk-linux/gcc-cross-canadian-aarch64/7.3.0-r0/recipe-sysroot --without-long-double-128 --enable-poison-system-directories --with-mpfr=/home/ubuntu/work/c-v2x/imx8_sources/build/tmp/work/x86_64-nativesdk-fslcsdk-linux/gcc-cross-canadian-aarch64/7.3.0-r0/recipe-sysroot --with-mpc=/home/ubuntu/work/c-v2x/imx8_sources/build/tmp/work/x86_64-nativesdk-fslcsdk-linux/gcc-cross-canadian-aarch64/7.3.0-r0/recipe-sysroot --disable-static --enable-nls --enable-initfini-array --enable-__cxa_atexit
Thread model: posix
gcc version 7.3.0 (GCC) 
COMPILER_PATH=/opt/fslc-wayland/2.5.2/sysroots/x86_64-fslcsdk-linux/usr/libexec/aarch64-fslc-linux/gcc/aarch64-fslc-linux/7.3.0/:/opt/fslc-wayland/2.5.2/sysroots/x86_64-fslcsdk-linux/usr/libexec/aarch64-fslc-linux/gcc/aarch64-fslc-linux/7.3.0/:/opt/fslc-wayland/2.5.2/sysroots/x86_64-fslcsdk-linux/usr/libexec/aarch64-fslc-linux/gcc/aarch64-fslc-linux/:/opt/fslc-wayland/2.5.2/sysroots/x86_64-fslcsdk-linux/usr/lib/aarch64-fslc-linux/gcc/aarch64-fslc-linux/7.3.0/:/opt/fslc-wayland/2.5.2/sysroots/x86_64-fslcsdk-linux/usr/lib/aarch64-fslc-linux/gcc/aarch64-fslc-linux/
LIBRARY_PATH=/opt/fslc-wayland/2.5.2/sysroots/x86_64-fslcsdk-linux/usr/lib/aarch64-fslc-linux/gcc/aarch64-fslc-linux/7.3.0/:/opt/fslc-wayland/2.5.2/sysroots/aarch64-fslc-linux/lib/:/opt/fslc-wayland/2.5.2/sysroots/aarch64-fslc-linux/usr/lib/aarch64-fslc-linux/7.3.0/:/opt/fslc-wayland/2.5.2/sysroots/aarch64-fslc-linux/usr/lib/
COLLECT_GCC_OPTIONS='--sysroot=/opt/fslc-wayland/2.5.2/sysroots/aarch64-fslc-linux' '-O2' '-pipe' '-g' '-feliminate-unused-debug-types' '-v' '-o' 'cmTC_895a0' '-shared-libgcc' '-mlittle-endian' '-mabi=lp64'
 /opt/fslc-wayland/2.5.2/sysroots/x86_64-fslcsdk-linux/usr/libexec/aarch64-fslc-linux/gcc/aarch64-fslc-linux/7.3.0/collect2 -plugin /opt/fslc-wayland/2.5.2/sysroots/x86_64-fslcsdk-linux/usr/libexec/aarch64-fslc-linux/gcc/aarch64-fslc-linux/7.3.0/liblto_plugin.so -plugin-opt=/opt/fslc-wayland/2.5.2/sysroots/x86_64-fslcsdk-linux/usr/libexec/aarch64-fslc-linux/gcc/aarch64-fslc-linux/7.3.0/lto-wrapper -plugin-opt=-fresolution=/tmp/ccGXgbYn.res -plugin-opt=-pass-through=-lgcc_s -plugin-opt=-pass-through=-lgcc -plugin-opt=-pass-through=-lc -plugin-opt=-pass-through=-lgcc_s -plugin-opt=-pass-through=-lgcc --sysroot=/opt/fslc-wayland/2.5.2/sysroots/aarch64-fslc-linux --build-id --eh-frame-hdr --hash-style=gnu -dynamic-linker /lib/ld-linux-aarch64.so.1 -X -EL -maarch64linux -o cmTC_895a0 /opt/fslc-wayland/2.5.2/sysroots/aarch64-fslc-linux/usr/lib/crt1.o /opt/fslc-wayland/2.5.2/sysroots/aarch64-fslc-linux/usr/lib/crti.o /opt/fslc-wayland/2.5.2/sysroots/aarch64-fslc-linux/usr/lib/aarch64-fslc-linux/7.3.0/crtbegin.o -L/opt/fslc-wayland/2.5.2/sysroots/x86_64-fslcsdk-linux/usr/lib/aarch64-fslc-linux/gcc/aarch64-fslc-linux/7.3.0 -L/opt/fslc-wayland/2.5.2/sysroots/aarch64-fslc-linux/lib -L/opt/fslc-wayland/2.5.2/sysroots/aarch64-fslc-linux/usr/lib/aarch64-fslc-linux/7.3.0 -L/opt/fslc-wayland/2.5.2/sysroots/aarch64-fslc-linux/usr/lib -O1 --hash-style=gnu --as-needed CMakeFiles/cmTC_895a0.dir/CMakeCXXCompilerABI.cpp.o -lstdc++ -lm -lgcc_s -lgcc -lc -lgcc_s -lgcc /opt/fslc-wayland/2.5.2/sysroots/aarch64-fslc-linux/usr/lib/aarch64-fslc-linux/7.3.0/crtend.o /opt/fslc-wayland/2.5.2/sysroots/aarch64-fslc-linux/usr/lib/crtn.o
COLLECT_GCC_OPTIONS='--sysroot=/opt/fslc-wayland/2.5.2/sysroots/aarch64-fslc-linux' '-O2' '-pipe' '-g' '-feliminate-unused-debug-types' '-v' '-o' 'cmTC_895a0' '-shared-libgcc' '-mlittle-endian' '-mabi=lp64'
make[1]: 离开目录“/home/wanji/StackLib/Protocol_Stack/SafetyCertScmf/Scmf/build/CMakeFiles/CMakeTmp”


Parsed CXX implicit link information from above output:
  link line regex: [^( *|.*[/\])(aarch64-fslc-linux-ld|CMAKE_LINK_STARTFILE-NOTFOUND|([^/\]+-)?ld|collect2)[^/\]*( |$)]
  ignore line: [Change Dir: /home/wanji/StackLib/Protocol_Stack/SafetyCertScmf/Scmf/build/CMakeFiles/CMakeTmp]
  ignore line: []
  ignore line: [Run Build Command:"/usr/bin/make" "cmTC_895a0/fast"]
  ignore line: [/usr/bin/make -f CMakeFiles/cmTC_895a0.dir/build.make CMakeFiles/cmTC_895a0.dir/build]
  ignore line: [make[1]: 进入目录“/home/wanji/StackLib/Protocol_Stack/SafetyCertScmf/Scmf/build/CMakeFiles/CMakeTmp”]
  ignore line: [Building CXX object CMakeFiles/cmTC_895a0.dir/CMakeCXXCompilerABI.cpp.o]
  ignore line: [/opt/fslc-wayland/2.5.2/sysroots/x86_64-fslcsdk-linux/usr/bin/aarch64-fslc-linux/aarch64-fslc-linux-g++   --sysroot=/opt/fslc-wayland/2.5.2/sysroots/aarch64-fslc-linux    -O2 -pipe -g -feliminate-unused-debug-types     -o CMakeFiles/cmTC_895a0.dir/CMakeCXXCompilerABI.cpp.o -c /opt/fslc-wayland/2.5.2/sysroots/x86_64-fslcsdk-linux/usr/share/cmake-3.10/Modules/CMakeCXXCompilerABI.cpp]
  ignore line: [Linking CXX executable cmTC_895a0]
  ignore line: [/opt/fslc-wayland/2.5.2/sysroots/x86_64-fslcsdk-linux/usr/bin/cmake -E cmake_link_script CMakeFiles/cmTC_895a0.dir/link.txt --verbose=1]
  ignore line: [/opt/fslc-wayland/2.5.2/sysroots/x86_64-fslcsdk-linux/usr/bin/aarch64-fslc-linux/aarch64-fslc-linux-g++   --sysroot=/opt/fslc-wayland/2.5.2/sysroots/aarch64-fslc-linux   -O2 -pipe -g -feliminate-unused-debug-types    -Wl,-O1 -Wl,--hash-style=gnu -Wl,--as-needed -v CMakeFiles/cmTC_895a0.dir/CMakeCXXCompilerABI.cpp.o  -o cmTC_895a0 ]
  ignore line: [Using built-in specs.]
  ignore line: [COLLECT_GCC=/opt/fslc-wayland/2.5.2/sysroots/x86_64-fslcsdk-linux/usr/bin/aarch64-fslc-linux/aarch64-fslc-linux-g++]
  ignore line: [COLLECT_LTO_WRAPPER=/opt/fslc-wayland/2.5.2/sysroots/x86_64-fslcsdk-linux/usr/libexec/aarch64-fslc-linux/gcc/aarch64-fslc-linux/7.3.0/lto-wrapper]
  ignore line: [Target: aarch64-fslc-linux]
  ignore line: [Configured with: ../../../../../../work-shared/gcc-7.3.0-r0/gcc-7.3.0/configure --build=x86_64-linux --host=x86_64-fslcsdk-linux --target=aarch64-fslc-linux --prefix=/opt/fslc-wayland/2.5.2/sysroots/x86_64-fslcsdk-linux/usr --exec_prefix=/opt/fslc-wayland/2.5.2/sysroots/x86_64-fslcsdk-linux/usr --bindir=/opt/fslc-wayland/2.5.2/sysroots/x86_64-fslcsdk-linux/usr/bin/aarch64-fslc-linux --sbindir=/opt/fslc-wayland/2.5.2/sysroots/x86_64-fslcsdk-linux/usr/bin/aarch64-fslc-linux --libexecdir=/opt/fslc-wayland/2.5.2/sysroots/x86_64-fslcsdk-linux/usr/libexec/aarch64-fslc-linux --datadir=/opt/fslc-wayland/2.5.2/sysroots/x86_64-fslcsdk-linux/usr/share --sysconfdir=/opt/fslc-wayland/2.5.2/sysroots/x86_64-fslcsdk-linux/etc --sharedstatedir=/opt/fslc-wayland/2.5.2/sysroots/x86_64-fslcsdk-linux/com --localstatedir=/opt/fslc-wayland/2.5.2/sysroots/x86_64-fslcsdk-linux/var --libdir=/opt/fslc-wayland/2.5.2/sysroots/x86_64-fslcsdk-linux/usr/lib/aarch64-fslc-linux --includedir=/opt/fslc-wayland/2.5.2/sysroots/x86_64-fslcsdk-linux/usr/include --oldincludedir=/opt/fslc-wayland/2.5.2/sysroots/x86_64-fslcsdk-linux/usr/include --infodir=/opt/fslc-wayland/2.5.2/sysroots/x86_64-fslcsdk-linux/usr/share/info --mandir=/opt/fslc-wayland/2.5.2/sysroots/x86_64-fslcsdk-linux/usr/share/man --disable-silent-rules --disable-dependency-tracking --with-libtool-sysroot=/home/ubuntu/work/c-v2x/imx8_sources/build/tmp/work/x86_64-nativesdk-fslcsdk-linux/gcc-cross-canadian-aarch64/7.3.0-r0/recipe-sysroot --with-gnu-ld --enable-shared --enable-languages=c,c++ --enable-threads=posix --enable-multilib --enable-c99 --enable-long-long --enable-symvers=gnu --enable-libstdcxx-pch --program-prefix=aarch64-fslc-linux- --without-local-prefix --enable-lto --enable-libssp --enable-libitm --disable-bootstrap --disable-libmudflap --with-system-zlib --with-linker-hash-style=gnu --enable-linker-build-id --with-ppl=no --with-cloog=no --enable-checking=release --enable-cheaders=c_global --without-isl --with-gxx-include-dir=/not/exist/usr/include/c++/7.3.0 --with-build-time-tools=/home/ubuntu/work/c-v2x/imx8_sources/build/tmp/work/x86_64-nativesdk-fslcsdk-linux/gcc-cross-canadian-aarch64/7.3.0-r0/recipe-sysroot-native/usr/aarch64-fslc-linux/bin --with-sysroot=/not/exist --with-build-sysroot=/home/ubuntu/work/c-v2x/imx8_sources/build/tmp/work/x86_64-nativesdk-fslcsdk-linux/gcc-cross-canadian-aarch64/7.3.0-r0/recipe-sysroot --without-long-double-128 --enable-poison-system-directories --with-mpfr=/home/ubuntu/work/c-v2x/imx8_sources/build/tmp/work/x86_64-nativesdk-fslcsdk-linux/gcc-cross-canadian-aarch64/7.3.0-r0/recipe-sysroot --with-mpc=/home/ubuntu/work/c-v2x/imx8_sources/build/tmp/work/x86_64-nativesdk-fslcsdk-linux/gcc-cross-canadian-aarch64/7.3.0-r0/recipe-sysroot --disable-static --enable-nls --enable-initfini-array --enable-__cxa_atexit]
  ignore line: [Thread model: posix]
  ignore line: [gcc version 7.3.0 (GCC) ]
  ignore line: [COMPILER_PATH=/opt/fslc-wayland/2.5.2/sysroots/x86_64-fslcsdk-linux/usr/libexec/aarch64-fslc-linux/gcc/aarch64-fslc-linux/7.3.0/:/opt/fslc-wayland/2.5.2/sysroots/x86_64-fslcsdk-linux/usr/libexec/aarch64-fslc-linux/gcc/aarch64-fslc-linux/7.3.0/:/opt/fslc-wayland/2.5.2/sysroots/x86_64-fslcsdk-linux/usr/libexec/aarch64-fslc-linux/gcc/aarch64-fslc-linux/:/opt/fslc-wayland/2.5.2/sysroots/x86_64-fslcsdk-linux/usr/lib/aarch64-fslc-linux/gcc/aarch64-fslc-linux/7.3.0/:/opt/fslc-wayland/2.5.2/sysroots/x86_64-fslcsdk-linux/usr/lib/aarch64-fslc-linux/gcc/aarch64-fslc-linux/]
  ignore line: [LIBRARY_PATH=/opt/fslc-wayland/2.5.2/sysroots/x86_64-fslcsdk-linux/usr/lib/aarch64-fslc-linux/gcc/aarch64-fslc-linux/7.3.0/:/opt/fslc-wayland/2.5.2/sysroots/aarch64-fslc-linux/lib/:/opt/fslc-wayland/2.5.2/sysroots/aarch64-fslc-linux/usr/lib/aarch64-fslc-linux/7.3.0/:/opt/fslc-wayland/2.5.2/sysroots/aarch64-fslc-linux/usr/lib/]
  ignore line: [COLLECT_GCC_OPTIONS='--sysroot=/opt/fslc-wayland/2.5.2/sysroots/aarch64-fslc-linux' '-O2' '-pipe' '-g' '-feliminate-unused-debug-types' '-v' '-o' 'cmTC_895a0' '-shared-libgcc' '-mlittle-endian' '-mabi=lp64']
  link line: [ /opt/fslc-wayland/2.5.2/sysroots/x86_64-fslcsdk-linux/usr/libexec/aarch64-fslc-linux/gcc/aarch64-fslc-linux/7.3.0/collect2 -plugin /opt/fslc-wayland/2.5.2/sysroots/x86_64-fslcsdk-linux/usr/libexec/aarch64-fslc-linux/gcc/aarch64-fslc-linux/7.3.0/liblto_plugin.so -plugin-opt=/opt/fslc-wayland/2.5.2/sysroots/x86_64-fslcsdk-linux/usr/libexec/aarch64-fslc-linux/gcc/aarch64-fslc-linux/7.3.0/lto-wrapper -plugin-opt=-fresolution=/tmp/ccGXgbYn.res -plugin-opt=-pass-through=-lgcc_s -plugin-opt=-pass-through=-lgcc -plugin-opt=-pass-through=-lc -plugin-opt=-pass-through=-lgcc_s -plugin-opt=-pass-through=-lgcc --sysroot=/opt/fslc-wayland/2.5.2/sysroots/aarch64-fslc-linux --build-id --eh-frame-hdr --hash-style=gnu -dynamic-linker /lib/ld-linux-aarch64.so.1 -X -EL -maarch64linux -o cmTC_895a0 /opt/fslc-wayland/2.5.2/sysroots/aarch64-fslc-linux/usr/lib/crt1.o /opt/fslc-wayland/2.5.2/sysroots/aarch64-fslc-linux/usr/lib/crti.o /opt/fslc-wayland/2.5.2/sysroots/aarch64-fslc-linux/usr/lib/aarch64-fslc-linux/7.3.0/crtbegin.o -L/opt/fslc-wayland/2.5.2/sysroots/x86_64-fslcsdk-linux/usr/lib/aarch64-fslc-linux/gcc/aarch64-fslc-linux/7.3.0 -L/opt/fslc-wayland/2.5.2/sysroots/aarch64-fslc-linux/lib -L/opt/fslc-wayland/2.5.2/sysroots/aarch64-fslc-linux/usr/lib/aarch64-fslc-linux/7.3.0 -L/opt/fslc-wayland/2.5.2/sysroots/aarch64-fslc-linux/usr/lib -O1 --hash-style=gnu --as-needed CMakeFiles/cmTC_895a0.dir/CMakeCXXCompilerABI.cpp.o -lstdc++ -lm -lgcc_s -lgcc -lc -lgcc_s -lgcc /opt/fslc-wayland/2.5.2/sysroots/aarch64-fslc-linux/usr/lib/aarch64-fslc-linux/7.3.0/crtend.o /opt/fslc-wayland/2.5.2/sysroots/aarch64-fslc-linux/usr/lib/crtn.o]
    arg [/opt/fslc-wayland/2.5.2/sysroots/x86_64-fslcsdk-linux/usr/libexec/aarch64-fslc-linux/gcc/aarch64-fslc-linux/7.3.0/collect2] ==> ignore
    arg [-plugin] ==> ignore
    arg [/opt/fslc-wayland/2.5.2/sysroots/x86_64-fslcsdk-linux/usr/libexec/aarch64-fslc-linux/gcc/aarch64-fslc-linux/7.3.0/liblto_plugin.so] ==> ignore
    arg [-plugin-opt=/opt/fslc-wayland/2.5.2/sysroots/x86_64-fslcsdk-linux/usr/libexec/aarch64-fslc-linux/gcc/aarch64-fslc-linux/7.3.0/lto-wrapper] ==> ignore
    arg [-plugin-opt=-fresolution=/tmp/ccGXgbYn.res] ==> ignore
    arg [-plugin-opt=-pass-through=-lgcc_s] ==> ignore
    arg [-plugin-opt=-pass-through=-lgcc] ==> ignore
    arg [-plugin-opt=-pass-through=-lc] ==> ignore
    arg [-plugin-opt=-pass-through=-lgcc_s] ==> ignore
    arg [-plugin-opt=-pass-through=-lgcc] ==> ignore
    arg [--sysroot=/opt/fslc-wayland/2.5.2/sysroots/aarch64-fslc-linux] ==> ignore
    arg [--build-id] ==> ignore
    arg [--eh-frame-hdr] ==> ignore
    arg [--hash-style=gnu] ==> ignore
    arg [-dynamic-linker] ==> ignore
    arg [/lib/ld-linux-aarch64.so.1] ==> ignore
    arg [-X] ==> ignore
    arg [-EL] ==> ignore
    arg [-maarch64linux] ==> ignore
    arg [-o] ==> ignore
    arg [cmTC_895a0] ==> ignore
    arg [/opt/fslc-wayland/2.5.2/sysroots/aarch64-fslc-linux/usr/lib/crt1.o] ==> ignore
    arg [/opt/fslc-wayland/2.5.2/sysroots/aarch64-fslc-linux/usr/lib/crti.o] ==> ignore
    arg [/opt/fslc-wayland/2.5.2/sysroots/aarch64-fslc-linux/usr/lib/aarch64-fslc-linux/7.3.0/crtbegin.o] ==> ignore
    arg [-L/opt/fslc-wayland/2.5.2/sysroots/x86_64-fslcsdk-linux/usr/lib/aarch64-fslc-linux/gcc/aarch64-fslc-linux/7.3.0] ==> dir [/opt/fslc-wayland/2.5.2/sysroots/x86_64-fslcsdk-linux/usr/lib/aarch64-fslc-linux/gcc/aarch64-fslc-linux/7.3.0]
    arg [-L/opt/fslc-wayland/2.5.2/sysroots/aarch64-fslc-linux/lib] ==> dir [/opt/fslc-wayland/2.5.2/sysroots/aarch64-fslc-linux/lib]
    arg [-L/opt/fslc-wayland/2.5.2/sysroots/aarch64-fslc-linux/usr/lib/aarch64-fslc-linux/7.3.0] ==> dir [/opt/fslc-wayland/2.5.2/sysroots/aarch64-fslc-linux/usr/lib/aarch64-fslc-linux/7.3.0]
    arg [-L/opt/fslc-wayland/2.5.2/sysroots/aarch64-fslc-linux/usr/lib] ==> dir [/opt/fslc-wayland/2.5.2/sysroots/aarch64-fslc-linux/usr/lib]
    arg [-O1] ==> ignore
    arg [--hash-style=gnu] ==> ignore
    arg [--as-needed] ==> ignore
    arg [CMakeFiles/cmTC_895a0.dir/CMakeCXXCompilerABI.cpp.o] ==> ignore
    arg [-lstdc++] ==> lib [stdc++]
    arg [-lm] ==> lib [m]
    arg [-lgcc_s] ==> lib [gcc_s]
    arg [-lgcc] ==> lib [gcc]
    arg [-lc] ==> lib [c]
    arg [-lgcc_s] ==> lib [gcc_s]
    arg [-lgcc] ==> lib [gcc]
    arg [/opt/fslc-wayland/2.5.2/sysroots/aarch64-fslc-linux/usr/lib/aarch64-fslc-linux/7.3.0/crtend.o] ==> ignore
    arg [/opt/fslc-wayland/2.5.2/sysroots/aarch64-fslc-linux/usr/lib/crtn.o] ==> ignore
  collapse library dir [/opt/fslc-wayland/2.5.2/sysroots/x86_64-fslcsdk-linux/usr/lib/aarch64-fslc-linux/gcc/aarch64-fslc-linux/7.3.0] ==> [/opt/fslc-wayland/2.5.2/sysroots/x86_64-fslcsdk-linux/usr/lib/aarch64-fslc-linux/gcc/aarch64-fslc-linux/7.3.0]
  collapse library dir [/opt/fslc-wayland/2.5.2/sysroots/aarch64-fslc-linux/lib] ==> [/opt/fslc-wayland/2.5.2/sysroots/aarch64-fslc-linux/lib]
  collapse library dir [/opt/fslc-wayland/2.5.2/sysroots/aarch64-fslc-linux/usr/lib/aarch64-fslc-linux/7.3.0] ==> [/opt/fslc-wayland/2.5.2/sysroots/aarch64-fslc-linux/usr/lib/aarch64-fslc-linux/7.3.0]
  collapse library dir [/opt/fslc-wayland/2.5.2/sysroots/aarch64-fslc-linux/usr/lib] ==> [/opt/fslc-wayland/2.5.2/sysroots/aarch64-fslc-linux/usr/lib]
  implicit libs: [stdc++;m;gcc_s;gcc;c;gcc_s;gcc]
  implicit dirs: [/opt/fslc-wayland/2.5.2/sysroots/x86_64-fslcsdk-linux/usr/lib/aarch64-fslc-linux/gcc/aarch64-fslc-linux/7.3.0;/opt/fslc-wayland/2.5.2/sysroots/aarch64-fslc-linux/lib;/opt/fslc-wayland/2.5.2/sysroots/aarch64-fslc-linux/usr/lib/aarch64-fslc-linux/7.3.0;/opt/fslc-wayland/2.5.2/sysroots/aarch64-fslc-linux/usr/lib]
  implicit fwks: []




Detecting CXX [-std=c++1z] compiler features compiled with the following output:
Change Dir: /home/wanji/StackLib/Protocol_Stack/SafetyCertScmf/Scmf/build/CMakeFiles/CMakeTmp

Run Build Command:"/usr/bin/make" "cmTC_b61c6/fast"
/usr/bin/make -f CMakeFiles/cmTC_b61c6.dir/build.make CMakeFiles/cmTC_b61c6.dir/build
make[1]: 进入目录“/home/wanji/StackLib/Protocol_Stack/SafetyCertScmf/Scmf/build/CMakeFiles/CMakeTmp”
Building CXX object CMakeFiles/cmTC_b61c6.dir/feature_tests.cxx.o
/opt/fslc-wayland/2.5.2/sysroots/x86_64-fslcsdk-linux/usr/bin/aarch64-fslc-linux/aarch64-fslc-linux-g++   --sysroot=/opt/fslc-wayland/2.5.2/sysroots/aarch64-fslc-linux    -O2 -pipe -g -feliminate-unused-debug-types     -std=c++1z -o CMakeFiles/cmTC_b61c6.dir/feature_tests.cxx.o -c /home/wanji/StackLib/Protocol_Stack/SafetyCertScmf/Scmf/build/CMakeFiles/feature_tests.cxx
Linking CXX executable cmTC_b61c6
/opt/fslc-wayland/2.5.2/sysroots/x86_64-fslcsdk-linux/usr/bin/cmake -E cmake_link_script CMakeFiles/cmTC_b61c6.dir/link.txt --verbose=1
/opt/fslc-wayland/2.5.2/sysroots/x86_64-fslcsdk-linux/usr/bin/aarch64-fslc-linux/aarch64-fslc-linux-g++   --sysroot=/opt/fslc-wayland/2.5.2/sysroots/aarch64-fslc-linux   -O2 -pipe -g -feliminate-unused-debug-types    -Wl,-O1 -Wl,--hash-style=gnu -Wl,--as-needed  CMakeFiles/cmTC_b61c6.dir/feature_tests.cxx.o  -o cmTC_b61c6 
make[1]: 离开目录“/home/wanji/StackLib/Protocol_Stack/SafetyCertScmf/Scmf/build/CMakeFiles/CMakeTmp”


    Feature record: CXX_FEATURE:1cxx_aggregate_default_initializers
    Feature record: CXX_FEATURE:1cxx_alias_templates
    Feature record: CXX_FEATURE:1cxx_alignas
    Feature record: CXX_FEATURE:1cxx_alignof
    Feature record: CXX_FEATURE:1cxx_attributes
    Feature record: CXX_FEATURE:1cxx_attribute_deprecated
    Feature record: CXX_FEATURE:1cxx_auto_type
    Feature record: CXX_FEATURE:1cxx_binary_literals
    Feature record: CXX_FEATURE:1cxx_constexpr
    Feature record: CXX_FEATURE:1cxx_contextual_conversions
    Feature record: CXX_FEATURE:1cxx_decltype
    Feature record: CXX_FEATURE:1cxx_decltype_auto
    Feature record: CXX_FEATURE:1cxx_decltype_incomplete_return_types
    Feature record: CXX_FEATURE:1cxx_default_function_template_args
    Feature record: CXX_FEATURE:1cxx_defaulted_functions
    Feature record: CXX_FEATURE:1cxx_defaulted_move_initializers
    Feature record: CXX_FEATURE:1cxx_delegating_constructors
    Feature record: CXX_FEATURE:1cxx_deleted_functions
    Feature record: CXX_FEATURE:1cxx_digit_separators
    Feature record: CXX_FEATURE:1cxx_enum_forward_declarations
    Feature record: CXX_FEATURE:1cxx_explicit_conversions
    Feature record: CXX_FEATURE:1cxx_extended_friend_declarations
    Feature record: CXX_FEATURE:1cxx_extern_templates
    Feature record: CXX_FEATURE:1cxx_final
    Feature record: CXX_FEATURE:1cxx_func_identifier
    Feature record: CXX_FEATURE:1cxx_generalized_initializers
    Feature record: CXX_FEATURE:1cxx_generic_lambdas
    Feature record: CXX_FEATURE:1cxx_inheriting_constructors
    Feature record: CXX_FEATURE:1cxx_inline_namespaces
    Feature record: CXX_FEATURE:1cxx_lambdas
    Feature record: CXX_FEATURE:1cxx_lambda_init_captures
    Feature record: CXX_FEATURE:1cxx_local_type_template_args
    Feature record: CXX_FEATURE:1cxx_long_long_type
    Feature record: CXX_FEATURE:1cxx_noexcept
    Feature record: CXX_FEATURE:1cxx_nonstatic_member_init
    Feature record: CXX_FEATURE:1cxx_nullptr
    Feature record: CXX_FEATURE:1cxx_override
    Feature record: CXX_FEATURE:1cxx_range_for
    Feature record: CXX_FEATURE:1cxx_raw_string_literals
    Feature record: CXX_FEATURE:1cxx_reference_qualified_functions
    Feature record: CXX_FEATURE:1cxx_relaxed_constexpr
    Feature record: CXX_FEATURE:1cxx_return_type_deduction
    Feature record: CXX_FEATURE:1cxx_right_angle_brackets
    Feature record: CXX_FEATURE:1cxx_rvalue_references
    Feature record: CXX_FEATURE:1cxx_sizeof_member
    Feature record: CXX_FEATURE:1cxx_static_assert
    Feature record: CXX_FEATURE:1cxx_strong_enums
    Feature record: CXX_FEATURE:1cxx_template_template_parameters
    Feature record: CXX_FEATURE:1cxx_thread_local
    Feature record: CXX_FEATURE:1cxx_trailing_return_types
    Feature record: CXX_FEATURE:1cxx_unicode_literals
    Feature record: CXX_FEATURE:1cxx_uniform_initialization
    Feature record: CXX_FEATURE:1cxx_unrestricted_unions
    Feature record: CXX_FEATURE:1cxx_user_literals
    Feature record: CXX_FEATURE:1cxx_variable_templates
    Feature record: CXX_FEATURE:1cxx_variadic_macros
    Feature record: CXX_FEATURE:1cxx_variadic_templates


Detecting CXX [-std=c++14] compiler features compiled with the following output:
Change Dir: /home/wanji/StackLib/Protocol_Stack/SafetyCertScmf/Scmf/build/CMakeFiles/CMakeTmp

Run Build Command:"/usr/bin/make" "cmTC_815ca/fast"
/usr/bin/make -f CMakeFiles/cmTC_815ca.dir/build.make CMakeFiles/cmTC_815ca.dir/build
make[1]: 进入目录“/home/wanji/StackLib/Protocol_Stack/SafetyCertScmf/Scmf/build/CMakeFiles/CMakeTmp”
Building CXX object CMakeFiles/cmTC_815ca.dir/feature_tests.cxx.o
/opt/fslc-wayland/2.5.2/sysroots/x86_64-fslcsdk-linux/usr/bin/aarch64-fslc-linux/aarch64-fslc-linux-g++   --sysroot=/opt/fslc-wayland/2.5.2/sysroots/aarch64-fslc-linux    -O2 -pipe -g -feliminate-unused-debug-types     -std=c++14 -o CMakeFiles/cmTC_815ca.dir/feature_tests.cxx.o -c /home/wanji/StackLib/Protocol_Stack/SafetyCertScmf/Scmf/build/CMakeFiles/feature_tests.cxx
Linking CXX executable cmTC_815ca
/opt/fslc-wayland/2.5.2/sysroots/x86_64-fslcsdk-linux/usr/bin/cmake -E cmake_link_script CMakeFiles/cmTC_815ca.dir/link.txt --verbose=1
/opt/fslc-wayland/2.5.2/sysroots/x86_64-fslcsdk-linux/usr/bin/aarch64-fslc-linux/aarch64-fslc-linux-g++   --sysroot=/opt/fslc-wayland/2.5.2/sysroots/aarch64-fslc-linux   -O2 -pipe -g -feliminate-unused-debug-types    -Wl,-O1 -Wl,--hash-style=gnu -Wl,--as-needed  CMakeFiles/cmTC_815ca.dir/feature_tests.cxx.o  -o cmTC_815ca 
make[1]: 离开目录“/home/wanji/StackLib/Protocol_Stack/SafetyCertScmf/Scmf/build/CMakeFiles/CMakeTmp”


    Feature record: CXX_FEATURE:1cxx_aggregate_default_initializers
    Feature record: CXX_FEATURE:1cxx_alias_templates
    Feature record: CXX_FEATURE:1cxx_alignas
    Feature record: CXX_FEATURE:1cxx_alignof
    Feature record: CXX_FEATURE:1cxx_attributes
    Feature record: CXX_FEATURE:1cxx_attribute_deprecated
    Feature record: CXX_FEATURE:1cxx_auto_type
    Feature record: CXX_FEATURE:1cxx_binary_literals
    Feature record: CXX_FEATURE:1cxx_constexpr
    Feature record: CXX_FEATURE:1cxx_contextual_conversions
    Feature record: CXX_FEATURE:1cxx_decltype
    Feature record: CXX_FEATURE:1cxx_decltype_auto
    Feature record: CXX_FEATURE:1cxx_decltype_incomplete_return_types
    Feature record: CXX_FEATURE:1cxx_default_function_template_args
    Feature record: CXX_FEATURE:1cxx_defaulted_functions
    Feature record: CXX_FEATURE:1cxx_defaulted_move_initializers
    Feature record: CXX_FEATURE:1cxx_delegating_constructors
    Feature record: CXX_FEATURE:1cxx_deleted_functions
    Feature record: CXX_FEATURE:1cxx_digit_separators
    Feature record: CXX_FEATURE:1cxx_enum_forward_declarations
    Feature record: CXX_FEATURE:1cxx_explicit_conversions
    Feature record: CXX_FEATURE:1cxx_extended_friend_declarations
    Feature record: CXX_FEATURE:1cxx_extern_templates
    Feature record: CXX_FEATURE:1cxx_final
    Feature record: CXX_FEATURE:1cxx_func_identifier
    Feature record: CXX_FEATURE:1cxx_generalized_initializers
    Feature record: CXX_FEATURE:1cxx_generic_lambdas
    Feature record: CXX_FEATURE:1cxx_inheriting_constructors
    Feature record: CXX_FEATURE:1cxx_inline_namespaces
    Feature record: CXX_FEATURE:1cxx_lambdas
    Feature record: CXX_FEATURE:1cxx_lambda_init_captures
    Feature record: CXX_FEATURE:1cxx_local_type_template_args
    Feature record: CXX_FEATURE:1cxx_long_long_type
    Feature record: CXX_FEATURE:1cxx_noexcept
    Feature record: CXX_FEATURE:1cxx_nonstatic_member_init
    Feature record: CXX_FEATURE:1cxx_nullptr
    Feature record: CXX_FEATURE:1cxx_override
    Feature record: CXX_FEATURE:1cxx_range_for
    Feature record: CXX_FEATURE:1cxx_raw_string_literals
    Feature record: CXX_FEATURE:1cxx_reference_qualified_functions
    Feature record: CXX_FEATURE:1cxx_relaxed_constexpr
    Feature record: CXX_FEATURE:1cxx_return_type_deduction
    Feature record: CXX_FEATURE:1cxx_right_angle_brackets
    Feature record: CXX_FEATURE:1cxx_rvalue_references
    Feature record: CXX_FEATURE:1cxx_sizeof_member
    Feature record: CXX_FEATURE:1cxx_static_assert
    Feature record: CXX_FEATURE:1cxx_strong_enums
    Feature record: CXX_FEATURE:1cxx_template_template_parameters
    Feature record: CXX_FEATURE:1cxx_thread_local
    Feature record: CXX_FEATURE:1cxx_trailing_return_types
    Feature record: CXX_FEATURE:1cxx_unicode_literals
    Feature record: CXX_FEATURE:1cxx_uniform_initialization
    Feature record: CXX_FEATURE:1cxx_unrestricted_unions
    Feature record: CXX_FEATURE:1cxx_user_literals
    Feature record: CXX_FEATURE:1cxx_variable_templates
    Feature record: CXX_FEATURE:1cxx_variadic_macros
    Feature record: CXX_FEATURE:1cxx_variadic_templates


Detecting CXX [-std=c++11] compiler features compiled with the following output:
Change Dir: /home/wanji/StackLib/Protocol_Stack/SafetyCertScmf/Scmf/build/CMakeFiles/CMakeTmp

Run Build Command:"/usr/bin/make" "cmTC_e19ad/fast"
/usr/bin/make -f CMakeFiles/cmTC_e19ad.dir/build.make CMakeFiles/cmTC_e19ad.dir/build
make[1]: 进入目录“/home/wanji/StackLib/Protocol_Stack/SafetyCertScmf/Scmf/build/CMakeFiles/CMakeTmp”
Building CXX object CMakeFiles/cmTC_e19ad.dir/feature_tests.cxx.o
/opt/fslc-wayland/2.5.2/sysroots/x86_64-fslcsdk-linux/usr/bin/aarch64-fslc-linux/aarch64-fslc-linux-g++   --sysroot=/opt/fslc-wayland/2.5.2/sysroots/aarch64-fslc-linux    -O2 -pipe -g -feliminate-unused-debug-types     -std=c++11 -o CMakeFiles/cmTC_e19ad.dir/feature_tests.cxx.o -c /home/wanji/StackLib/Protocol_Stack/SafetyCertScmf/Scmf/build/CMakeFiles/feature_tests.cxx
Linking CXX executable cmTC_e19ad
/opt/fslc-wayland/2.5.2/sysroots/x86_64-fslcsdk-linux/usr/bin/cmake -E cmake_link_script CMakeFiles/cmTC_e19ad.dir/link.txt --verbose=1
/opt/fslc-wayland/2.5.2/sysroots/x86_64-fslcsdk-linux/usr/bin/aarch64-fslc-linux/aarch64-fslc-linux-g++   --sysroot=/opt/fslc-wayland/2.5.2/sysroots/aarch64-fslc-linux   -O2 -pipe -g -feliminate-unused-debug-types    -Wl,-O1 -Wl,--hash-style=gnu -Wl,--as-needed  CMakeFiles/cmTC_e19ad.dir/feature_tests.cxx.o  -o cmTC_e19ad 
make[1]: 离开目录“/home/wanji/StackLib/Protocol_Stack/SafetyCertScmf/Scmf/build/CMakeFiles/CMakeTmp”


    Feature record: CXX_FEATURE:0cxx_aggregate_default_initializers
    Feature record: CXX_FEATURE:1cxx_alias_templates
    Feature record: CXX_FEATURE:1cxx_alignas
    Feature record: CXX_FEATURE:1cxx_alignof
    Feature record: CXX_FEATURE:1cxx_attributes
    Feature record: CXX_FEATURE:0cxx_attribute_deprecated
    Feature record: CXX_FEATURE:1cxx_auto_type
    Feature record: CXX_FEATURE:0cxx_binary_literals
    Feature record: CXX_FEATURE:1cxx_constexpr
    Feature record: CXX_FEATURE:0cxx_contextual_conversions
    Feature record: CXX_FEATURE:1cxx_decltype
    Feature record: CXX_FEATURE:0cxx_decltype_auto
    Feature record: CXX_FEATURE:1cxx_decltype_incomplete_return_types
    Feature record: CXX_FEATURE:1cxx_default_function_template_args
    Feature record: CXX_FEATURE:1cxx_defaulted_functions
    Feature record: CXX_FEATURE:1cxx_defaulted_move_initializers
    Feature record: CXX_FEATURE:1cxx_delegating_constructors
    Feature record: CXX_FEATURE:1cxx_deleted_functions
    Feature record: CXX_FEATURE:0cxx_digit_separators
    Feature record: CXX_FEATURE:1cxx_enum_forward_declarations
    Feature record: CXX_FEATURE:1cxx_explicit_conversions
    Feature record: CXX_FEATURE:1cxx_extended_friend_declarations
    Feature record: CXX_FEATURE:1cxx_extern_templates
    Feature record: CXX_FEATURE:1cxx_final
    Feature record: CXX_FEATURE:1cxx_func_identifier
    Feature record: CXX_FEATURE:1cxx_generalized_initializers
    Feature record: CXX_FEATURE:0cxx_generic_lambdas
    Feature record: CXX_FEATURE:1cxx_inheriting_constructors
    Feature record: CXX_FEATURE:1cxx_inline_namespaces
    Feature record: CXX_FEATURE:1cxx_lambdas
    Feature record: CXX_FEATURE:0cxx_lambda_init_captures
    Feature record: CXX_FEATURE:1cxx_local_type_template_args
    Feature record: CXX_FEATURE:1cxx_long_long_type
    Feature record: CXX_FEATURE:1cxx_noexcept
    Feature record: CXX_FEATURE:1cxx_nonstatic_member_init
    Feature record: CXX_FEATURE:1cxx_nullptr
    Feature record: CXX_FEATURE:1cxx_override
    Feature record: CXX_FEATURE:1cxx_range_for
    Feature record: CXX_FEATURE:1cxx_raw_string_literals
    Feature record: CXX_FEATURE:1cxx_reference_qualified_functions
    Feature record: CXX_FEATURE:0cxx_relaxed_constexpr
    Feature record: CXX_FEATURE:0cxx_return_type_deduction
    Feature record: CXX_FEATURE:1cxx_right_angle_brackets
    Feature record: CXX_FEATURE:1cxx_rvalue_references
    Feature record: CXX_FEATURE:1cxx_sizeof_member
    Feature record: CXX_FEATURE:1cxx_static_assert
    Feature record: CXX_FEATURE:1cxx_strong_enums
    Feature record: CXX_FEATURE:1cxx_template_template_parameters
    Feature record: CXX_FEATURE:1cxx_thread_local
    Feature record: CXX_FEATURE:1cxx_trailing_return_types
    Feature record: CXX_FEATURE:1cxx_unicode_literals
    Feature record: CXX_FEATURE:1cxx_uniform_initialization
    Feature record: CXX_FEATURE:1cxx_unrestricted_unions
    Feature record: CXX_FEATURE:1cxx_user_literals
    Feature record: CXX_FEATURE:0cxx_variable_templates
    Feature record: CXX_FEATURE:1cxx_variadic_macros
    Feature record: CXX_FEATURE:1cxx_variadic_templates


Detecting CXX [-std=c++98] compiler features compiled with the following output:
Change Dir: /home/wanji/StackLib/Protocol_Stack/SafetyCertScmf/Scmf/build/CMakeFiles/CMakeTmp

Run Build Command:"/usr/bin/make" "cmTC_d45ac/fast"
/usr/bin/make -f CMakeFiles/cmTC_d45ac.dir/build.make CMakeFiles/cmTC_d45ac.dir/build
make[1]: 进入目录“/home/wanji/StackLib/Protocol_Stack/SafetyCertScmf/Scmf/build/CMakeFiles/CMakeTmp”
Building CXX object CMakeFiles/cmTC_d45ac.dir/feature_tests.cxx.o
/opt/fslc-wayland/2.5.2/sysroots/x86_64-fslcsdk-linux/usr/bin/aarch64-fslc-linux/aarch64-fslc-linux-g++   --sysroot=/opt/fslc-wayland/2.5.2/sysroots/aarch64-fslc-linux    -O2 -pipe -g -feliminate-unused-debug-types     -std=c++98 -o CMakeFiles/cmTC_d45ac.dir/feature_tests.cxx.o -c /home/wanji/StackLib/Protocol_Stack/SafetyCertScmf/Scmf/build/CMakeFiles/feature_tests.cxx
Linking CXX executable cmTC_d45ac
/opt/fslc-wayland/2.5.2/sysroots/x86_64-fslcsdk-linux/usr/bin/cmake -E cmake_link_script CMakeFiles/cmTC_d45ac.dir/link.txt --verbose=1
/opt/fslc-wayland/2.5.2/sysroots/x86_64-fslcsdk-linux/usr/bin/aarch64-fslc-linux/aarch64-fslc-linux-g++   --sysroot=/opt/fslc-wayland/2.5.2/sysroots/aarch64-fslc-linux   -O2 -pipe -g -feliminate-unused-debug-types    -Wl,-O1 -Wl,--hash-style=gnu -Wl,--as-needed  CMakeFiles/cmTC_d45ac.dir/feature_tests.cxx.o  -o cmTC_d45ac 
make[1]: 离开目录“/home/wanji/StackLib/Protocol_Stack/SafetyCertScmf/Scmf/build/CMakeFiles/CMakeTmp”


    Feature record: CXX_FEATURE:0cxx_aggregate_default_initializers
    Feature record: CXX_FEATURE:0cxx_alias_templates
    Feature record: CXX_FEATURE:0cxx_alignas
    Feature record: CXX_FEATURE:0cxx_alignof
    Feature record: CXX_FEATURE:0cxx_attributes
    Feature record: CXX_FEATURE:0cxx_attribute_deprecated
    Feature record: CXX_FEATURE:0cxx_auto_type
    Feature record: CXX_FEATURE:0cxx_binary_literals
    Feature record: CXX_FEATURE:0cxx_constexpr
    Feature record: CXX_FEATURE:0cxx_contextual_conversions
    Feature record: CXX_FEATURE:0cxx_decltype
    Feature record: CXX_FEATURE:0cxx_decltype_auto
    Feature record: CXX_FEATURE:0cxx_decltype_incomplete_return_types
    Feature record: CXX_FEATURE:0cxx_default_function_template_args
    Feature record: CXX_FEATURE:0cxx_defaulted_functions
    Feature record: CXX_FEATURE:0cxx_defaulted_move_initializers
    Feature record: CXX_FEATURE:0cxx_delegating_constructors
    Feature record: CXX_FEATURE:0cxx_deleted_functions
    Feature record: CXX_FEATURE:0cxx_digit_separators
    Feature record: CXX_FEATURE:0cxx_enum_forward_declarations
    Feature record: CXX_FEATURE:0cxx_explicit_conversions
    Feature record: CXX_FEATURE:0cxx_extended_friend_declarations
    Feature record: CXX_FEATURE:0cxx_extern_templates
    Feature record: CXX_FEATURE:0cxx_final
    Feature record: CXX_FEATURE:0cxx_func_identifier
    Feature record: CXX_FEATURE:0cxx_generalized_initializers
    Feature record: CXX_FEATURE:0cxx_generic_lambdas
    Feature record: CXX_FEATURE:0cxx_inheriting_constructors
    Feature record: CXX_FEATURE:0cxx_inline_namespaces
    Feature record: CXX_FEATURE:0cxx_lambdas
    Feature record: CXX_FEATURE:0cxx_lambda_init_captures
    Feature record: CXX_FEATURE:0cxx_local_type_template_args
    Feature record: CXX_FEATURE:0cxx_long_long_type
    Feature record: CXX_FEATURE:0cxx_noexcept
    Feature record: CXX_FEATURE:0cxx_nonstatic_member_init
    Feature record: CXX_FEATURE:0cxx_nullptr
    Feature record: CXX_FEATURE:0cxx_override
    Feature record: CXX_FEATURE:0cxx_range_for
    Feature record: CXX_FEATURE:0cxx_raw_string_literals
    Feature record: CXX_FEATURE:0cxx_reference_qualified_functions
    Feature record: CXX_FEATURE:0cxx_relaxed_constexpr
    Feature record: CXX_FEATURE:0cxx_return_type_deduction
    Feature record: CXX_FEATURE:0cxx_right_angle_brackets
    Feature record: CXX_FEATURE:0cxx_rvalue_references
    Feature record: CXX_FEATURE:0cxx_sizeof_member
    Feature record: CXX_FEATURE:0cxx_static_assert
    Feature record: CXX_FEATURE:0cxx_strong_enums
    Feature record: CXX_FEATURE:1cxx_template_template_parameters
    Feature record: CXX_FEATURE:0cxx_thread_local
    Feature record: CXX_FEATURE:0cxx_trailing_return_types
    Feature record: CXX_FEATURE:0cxx_unicode_literals
    Feature record: CXX_FEATURE:0cxx_uniform_initialization
    Feature record: CXX_FEATURE:0cxx_unrestricted_unions
    Feature record: CXX_FEATURE:0cxx_user_literals
    Feature record: CXX_FEATURE:0cxx_variable_templates
    Feature record: CXX_FEATURE:0cxx_variadic_macros
    Feature record: CXX_FEATURE:0cxx_variadic_templates
